2020-11-10 02:26:13.498  INFO 8480 --- [restartedMain] com.example.demo.DemoApplication         : Starting DemoApplication on DESKTOP-KP2K1VN with PID 8480 (C:\Users\Gilbert Renegado\Documents\Springboot\Getting Started\demo (1)\demo\bin\main started by Gilbert Renegado in C:\Users\Gilbert Renegado\Documents\Springboot\Getting Started\demo (1)\demo)
2020-11-10 02:26:13.501  INFO 8480 --- [restartedMain] com.example.demo.DemoApplication         : No active profile set, falling back to default profiles: default
2020-11-10 02:26:13.545  INFO 8480 --- [restartedMain] o.s.b.devtools.restart.ChangeableUrls    : The Class-Path manifest attribute in C:\Users\Gilbert Renegado\.gradle\caches\modules-2\files-2.1\com.oracle.database.jdbc\ojdbc8\19.3.0.0\967c0b1a2d5b1435324de34a9b8018d294f8f47b\ojdbc8-19.3.0.0.jar referenced one or more files that do not exist: file:/C:/Users/Gilbert%20Renegado/.gradle/caches/modules-2/files-2.1/com.oracle.database.jdbc/ojdbc8/19.3.0.0/967c0b1a2d5b1435324de34a9b8018d294f8f47b/oraclepki.jar
2020-11-10 02:26:13.545  INFO 8480 --- [restartedMain] o.s.b.devtools.restart.ChangeableUrls    : The Class-Path manifest attribute in C:\Users\Gilbert Renegado\.gradle\caches\modules-2\files-2.1\com.oracle.database.security\oraclepki\19.3.0.0\e52a34f271c6c62ee1a73b71cc19da5459b709f\oraclepki-19.3.0.0.jar referenced one or more files that do not exist: file:/C:/Users/Gilbert%20Renegado/.gradle/caches/modules-2/files-2.1/com.oracle.database.security/oraclepki/19.3.0.0/e52a34f271c6c62ee1a73b71cc19da5459b709f/osdt_core.jar,file:/C:/Users/Gilbert%20Renegado/.gradle/caches/modules-2/files-2.1/com.oracle.database.security/oraclepki/19.3.0.0/e52a34f271c6c62ee1a73b71cc19da5459b709f/osdt_cert.jar,file:/C:/Users/Gilbert%20Renegado/.gradle/caches/modules-2/files-2.1/com.oracle.database.security/oraclepki/19.3.0.0/oracle.osdt/osdt_core.jar,file:/C:/Users/Gilbert%20Renegado/.gradle/caches/modules-2/files-2.1/com.oracle.database.security/oraclepki/19.3.0.0/oracle.osdt/osdt_cert.jar
2020-11-10 02:26:13.546  INFO 8480 --- [restartedMain] .e.DevToolsPropertyDefaultsPostProcessor : Devtools property defaults active! Set 'spring.devtools.add-properties' to 'false' to disable
2020-11-10 02:26:14.302  INFO 8480 --- [restartedMain] .s.d.r.c.RepositoryConfigurationDelegate : Bootstrapping Spring Data JPA repositories in DEFERRED mode.
2020-11-10 02:26:14.359  INFO 8480 --- [restartedMain] .s.d.r.c.RepositoryConfigurationDelegate : Finished Spring Data repository scanning in 50ms. Found 2 JPA repository interfaces.
2020-11-10 02:26:14.549  WARN 8480 --- [restartedMain] o.m.s.mapper.ClassPathMapperScanner      : No MyBatis mapper was found in '[com.example.demo]' package. Please check your configuration.
2020-11-10 02:26:15.034  INFO 8480 --- [restartedMain] o.s.b.w.embedded.tomcat.TomcatWebServer  : Tomcat initialized with port(s): 8080 (http)
2020-11-10 02:26:15.044  INFO 8480 --- [restartedMain] o.apache.catalina.core.StandardService   : Starting service [Tomcat]
2020-11-10 02:26:15.045  INFO 8480 --- [restartedMain] org.apache.catalina.core.StandardEngine  : Starting Servlet engine: [Apache Tomcat/9.0.39]
2020-11-10 02:26:15.162  INFO 8480 --- [restartedMain] o.a.c.c.C.[Tomcat].[localhost].[/]       : Initializing Spring embedded WebApplicationContext
2020-11-10 02:26:15.163  INFO 8480 --- [restartedMain] w.s.c.ServletWebServerApplicationContext : Root WebApplicationContext: initialization completed in 1616 ms
2020-11-10 02:26:15.269  INFO 8480 --- [restartedMain] com.zaxxer.hikari.HikariDataSource       : HikariPoolBooks - Starting...
2020-11-10 02:26:15.540  INFO 8480 --- [restartedMain] com.zaxxer.hikari.HikariDataSource       : HikariPoolBooks - Start completed.
2020-11-10 02:26:15.544  INFO 8480 --- [restartedMain] o.s.b.a.h2.H2ConsoleAutoConfiguration    : H2 console available at '/h2-console'. Database available at 'jdbc:oracle:thin:@//localhost:1521/orclpdb'
2020-11-10 02:26:15.778  INFO 8480 --- [restartedMain] o.s.s.concurrent.ThreadPoolTaskExecutor  : Initializing ExecutorService 'applicationTaskExecutor'
2020-11-10 02:26:15.838  INFO 8480 --- [task-1] o.hibernate.jpa.internal.util.LogHelper  : HHH000204: Processing PersistenceUnitInfo [name: default]
2020-11-10 02:26:15.902  INFO 8480 --- [task-1] org.hibernate.Version                    : HHH000412: Hibernate ORM core version 5.4.22.Final
2020-11-10 02:26:16.068  INFO 8480 --- [task-1] o.hibernate.annotations.common.Version   : HCANN000001: Hibernate Commons Annotations {5.1.0.Final}
2020-11-10 02:26:16.211  INFO 8480 --- [task-1] org.hibernate.dialect.Dialect            : HHH000400: Using dialect: org.hibernate.dialect.Oracle12cDialect
2020-11-10 02:26:16.466  WARN 8480 --- [task-1] org.hibernate.orm.deprecation            : HHH90000014: Found use of deprecated [org.hibernate.id.SequenceGenerator] sequence-based id generator; use org.hibernate.id.enhanced.SequenceStyleGenerator instead.  See Hibernate Domain Model Mapping Guide for details.
2020-11-10 02:26:16.467  WARN 8480 --- [task-1] org.hibernate.orm.deprecation            : HHH90000014: Found use of deprecated [org.hibernate.id.SequenceGenerator] sequence-based id generator; use org.hibernate.id.enhanced.SequenceStyleGenerator instead.  See Hibernate Domain Model Mapping Guide for details.
2020-11-10 02:26:16.987  INFO 8480 --- [task-1] o.h.e.t.j.p.i.JtaPlatformInitiator       : HHH000490: Using JtaPlatform implementation: [org.hibernate.engine.transaction.jta.platform.internal.NoJtaPlatform]
2020-11-10 02:26:16.996  INFO 8480 --- [task-1] j.LocalContainerEntityManagerFactoryBean : Initialized JPA EntityManagerFactory for persistence unit 'default'
2020-11-10 02:26:17.273  INFO 8480 --- [task-2] o.s.b.d.a.OptionalLiveReloadServer       : LiveReload server is running on port 35729
2020-11-10 02:26:17.392  WARN 8480 --- [restartedMain] JpaBaseConfiguration$JpaWebConfiguration : spring.jpa.open-in-view is enabled by default. Therefore, database queries may be performed during view rendering. Explicitly configure spring.jpa.open-in-view to disable this warning
2020-11-10 02:26:18.007  INFO 8480 --- [restartedMain] o.s.b.w.embedded.tomcat.TomcatWebServer  : Tomcat started on port(s): 8080 (http) with context path ''
2020-11-10 02:26:18.008  INFO 8480 --- [restartedMain] DeferredRepositoryInitializationListener : Triggering deferred initialization of Spring Data repositories…
2020-11-10 02:26:18.084  INFO 8480 --- [restartedMain] DeferredRepositoryInitializationListener : Spring Data repositories initialized!
2020-11-10 02:26:18.092  INFO 8480 --- [restartedMain] com.example.demo.DemoApplication         : Started DemoApplication in 4.937 seconds (JVM running for 5.889)
2020-11-10 02:26:54.739  INFO 8480 --- [Thread-9] j.LocalContainerEntityManagerFactoryBean : Closing JPA EntityManagerFactory for persistence unit 'default'
2020-11-10 02:26:54.740  INFO 8480 --- [Thread-9] o.s.s.concurrent.ThreadPoolTaskExecutor  : Shutting down ExecutorService 'applicationTaskExecutor'
2020-11-10 02:26:54.742  INFO 8480 --- [Thread-9] com.zaxxer.hikari.HikariDataSource       : HikariPoolBooks - Shutdown initiated...
2020-11-10 02:26:54.749  INFO 8480 --- [Thread-9] com.zaxxer.hikari.HikariDataSource       : HikariPoolBooks - Shutdown completed.
2020-11-10 02:26:54.830  INFO 8480 --- [restartedMain] com.example.demo.DemoApplication         : Starting DemoApplication on DESKTOP-KP2K1VN with PID 8480 (C:\Users\Gilbert Renegado\Documents\Springboot\Getting Started\demo (1)\demo\bin\main started by Gilbert Renegado in C:\Users\Gilbert Renegado\Documents\Springboot\Getting Started\demo (1)\demo)
2020-11-10 02:26:54.830  INFO 8480 --- [restartedMain] com.example.demo.DemoApplication         : No active profile set, falling back to default profiles: default
2020-11-10 02:26:55.078  INFO 8480 --- [restartedMain] .s.d.r.c.RepositoryConfigurationDelegate : Bootstrapping Spring Data JPA repositories in DEFERRED mode.
2020-11-10 02:26:55.092  INFO 8480 --- [restartedMain] .s.d.r.c.RepositoryConfigurationDelegate : Finished Spring Data repository scanning in 13ms. Found 2 JPA repository interfaces.
2020-11-10 02:26:55.131  WARN 8480 --- [restartedMain] o.m.s.mapper.ClassPathMapperScanner      : No MyBatis mapper was found in '[com.example.demo]' package. Please check your configuration.
2020-11-10 02:26:55.223  INFO 8480 --- [restartedMain] o.s.b.w.embedded.tomcat.TomcatWebServer  : Tomcat initialized with port(s): 8080 (http)
2020-11-10 02:26:55.224  INFO 8480 --- [restartedMain] o.apache.catalina.core.StandardService   : Starting service [Tomcat]
2020-11-10 02:26:55.224  INFO 8480 --- [restartedMain] org.apache.catalina.core.StandardEngine  : Starting Servlet engine: [Apache Tomcat/9.0.39]
2020-11-10 02:26:55.260  INFO 8480 --- [restartedMain] o.a.c.c.C.[Tomcat].[localhost].[/]       : Initializing Spring embedded WebApplicationContext
2020-11-10 02:26:55.260  INFO 8480 --- [restartedMain] w.s.c.ServletWebServerApplicationContext : Root WebApplicationContext: initialization completed in 427 ms
2020-11-10 02:26:55.278  INFO 8480 --- [restartedMain] com.zaxxer.hikari.HikariDataSource       : HikariPoolBooks - Starting...
2020-11-10 02:26:55.329  INFO 8480 --- [restartedMain] com.zaxxer.hikari.HikariDataSource       : HikariPoolBooks - Start completed.
2020-11-10 02:26:55.329  INFO 8480 --- [restartedMain] o.s.b.a.h2.H2ConsoleAutoConfiguration    : H2 console available at '/h2-console'. Database available at 'jdbc:oracle:thin:@//localhost:1521/orclpdb'
2020-11-10 02:26:55.360  INFO 8480 --- [restartedMain] o.s.s.concurrent.ThreadPoolTaskExecutor  : Initializing ExecutorService 'applicationTaskExecutor'
2020-11-10 02:26:55.368  INFO 8480 --- [task-1] o.hibernate.jpa.internal.util.LogHelper  : HHH000204: Processing PersistenceUnitInfo [name: default]
2020-11-10 02:26:55.375  INFO 8480 --- [task-1] org.hibernate.dialect.Dialect            : HHH000400: Using dialect: org.hibernate.dialect.Oracle12cDialect
2020-11-10 02:26:55.407  WARN 8480 --- [task-1] org.hibernate.orm.deprecation            : HHH90000014: Found use of deprecated [org.hibernate.id.SequenceGenerator] sequence-based id generator; use org.hibernate.id.enhanced.SequenceStyleGenerator instead.  See Hibernate Domain Model Mapping Guide for details.
2020-11-10 02:26:55.408  WARN 8480 --- [task-1] org.hibernate.orm.deprecation            : HHH90000014: Found use of deprecated [org.hibernate.id.SequenceGenerator] sequence-based id generator; use org.hibernate.id.enhanced.SequenceStyleGenerator instead.  See Hibernate Domain Model Mapping Guide for details.
2020-11-10 02:26:55.509  INFO 8480 --- [task-1] o.h.e.t.j.p.i.JtaPlatformInitiator       : HHH000490: Using JtaPlatform implementation: [org.hibernate.engine.transaction.jta.platform.internal.NoJtaPlatform]
2020-11-10 02:26:55.511  INFO 8480 --- [task-1] j.LocalContainerEntityManagerFactoryBean : Initialized JPA EntityManagerFactory for persistence unit 'default'
2020-11-10 02:26:55.552  INFO 8480 --- [task-2] o.s.b.d.a.OptionalLiveReloadServer       : LiveReload server is running on port 35729
2020-11-10 02:26:55.599  WARN 8480 --- [restartedMain] JpaBaseConfiguration$JpaWebConfiguration : spring.jpa.open-in-view is enabled by default. Therefore, database queries may be performed during view rendering. Explicitly configure spring.jpa.open-in-view to disable this warning
2020-11-10 02:26:55.769  INFO 8480 --- [restartedMain] o.s.b.w.embedded.tomcat.TomcatWebServer  : Tomcat started on port(s): 8080 (http) with context path ''
2020-11-10 02:26:55.770  INFO 8480 --- [restartedMain] DeferredRepositoryInitializationListener : Triggering deferred initialization of Spring Data repositories…
2020-11-10 02:26:55.799  INFO 8480 --- [restartedMain] DeferredRepositoryInitializationListener : Spring Data repositories initialized!
2020-11-10 02:26:55.802  INFO 8480 --- [restartedMain] com.example.demo.DemoApplication         : Started DemoApplication in 1.004 seconds (JVM running for 43.6)
2020-11-10 02:26:55.804  INFO 8480 --- [restartedMain] .ConditionEvaluationDeltaLoggingListener : Condition evaluation unchanged
2020-11-10 02:27:24.417  INFO 8480 --- [Thread-13] j.LocalContainerEntityManagerFactoryBean : Closing JPA EntityManagerFactory for persistence unit 'default'
2020-11-10 02:27:24.417  INFO 8480 --- [Thread-13] o.s.s.concurrent.ThreadPoolTaskExecutor  : Shutting down ExecutorService 'applicationTaskExecutor'
2020-11-10 02:27:24.418  INFO 8480 --- [Thread-13] com.zaxxer.hikari.HikariDataSource       : HikariPoolBooks - Shutdown initiated...
2020-11-10 02:27:24.425  INFO 8480 --- [Thread-13] com.zaxxer.hikari.HikariDataSource       : HikariPoolBooks - Shutdown completed.
