2020-11-13 00:00:02.344  INFO 1420 --- [Thread-42] j.LocalContainerEntityManagerFactoryBean : Closing JPA EntityManagerFactory for persistence unit 'default'
2020-11-13 00:00:02.349  INFO 1420 --- [Thread-42] o.s.s.concurrent.ThreadPoolTaskExecutor  : Shutting down ExecutorService 'applicationTaskExecutor'
2020-11-13 00:00:02.349  INFO 1420 --- [Thread-42] com.zaxxer.hikari.HikariDataSource       : HikariPoolBooks - Shutdown initiated...
2020-11-13 00:00:02.358  INFO 1420 --- [Thread-42] com.zaxxer.hikari.HikariDataSource       : HikariPoolBooks - Shutdown completed.
2020-11-13 00:00:02.446  INFO 1420 --- [restartedMain] com.example.demo.DemoApplication         : Starting DemoApplication on DESKTOP-KP2K1VN with PID 1420 (C:\Users\Gilbert Renegado\Documents\Springboot\Getting Started\demo (1)\demo\bin\main started by Gilbert Renegado in C:\Users\Gilbert Renegado\Documents\Springboot\Getting Started\demo (1)\demo)
2020-11-13 00:00:02.447  INFO 1420 --- [restartedMain] com.example.demo.DemoApplication         : No active profile set, falling back to default profiles: default
2020-11-13 00:00:02.675  INFO 1420 --- [restartedMain] .s.d.r.c.RepositoryConfigurationDelegate : Bootstrapping Spring Data JPA repositories in DEFERRED mode.
2020-11-13 00:00:02.692  INFO 1420 --- [restartedMain] .s.d.r.c.RepositoryConfigurationDelegate : Finished Spring Data repository scanning in 16ms. Found 2 JPA repository interfaces.
2020-11-13 00:00:02.743  WARN 1420 --- [restartedMain] o.m.s.mapper.ClassPathMapperScanner      : No MyBatis mapper was found in '[com.example.demo]' package. Please check your configuration.
2020-11-13 00:00:02.834  INFO 1420 --- [restartedMain] o.s.b.w.embedded.tomcat.TomcatWebServer  : Tomcat initialized with port(s): 8080 (http)
2020-11-13 00:00:02.834  INFO 1420 --- [restartedMain] o.apache.catalina.core.StandardService   : Starting service [Tomcat]
2020-11-13 00:00:02.835  INFO 1420 --- [restartedMain] org.apache.catalina.core.StandardEngine  : Starting Servlet engine: [Apache Tomcat/9.0.39]
2020-11-13 00:00:02.858  INFO 1420 --- [restartedMain] o.a.c.c.C.[Tomcat].[localhost].[/]       : Initializing Spring embedded WebApplicationContext
2020-11-13 00:00:02.858  INFO 1420 --- [restartedMain] w.s.c.ServletWebServerApplicationContext : Root WebApplicationContext: initialization completed in 409 ms
2020-11-13 00:00:02.876  INFO 1420 --- [restartedMain] com.zaxxer.hikari.HikariDataSource       : HikariPoolBooks - Starting...
2020-11-13 00:00:02.926  INFO 1420 --- [restartedMain] com.zaxxer.hikari.HikariDataSource       : HikariPoolBooks - Start completed.
2020-11-13 00:00:02.926  INFO 1420 --- [restartedMain] o.s.b.a.h2.H2ConsoleAutoConfiguration    : H2 console available at '/h2-console'. Database available at 'jdbc:oracle:thin:@//localhost:1521/orclpdb'
2020-11-13 00:00:02.954  INFO 1420 --- [restartedMain] o.s.s.concurrent.ThreadPoolTaskExecutor  : Initializing ExecutorService 'applicationTaskExecutor'
2020-11-13 00:00:02.963  INFO 1420 --- [task-1] o.hibernate.jpa.internal.util.LogHelper  : HHH000204: Processing PersistenceUnitInfo [name: default]
2020-11-13 00:00:02.969  INFO 1420 --- [task-1] org.hibernate.dialect.Dialect            : HHH000400: Using dialect: org.hibernate.dialect.Oracle12cDialect
2020-11-13 00:00:02.994  WARN 1420 --- [task-1] org.hibernate.orm.deprecation            : HHH90000014: Found use of deprecated [org.hibernate.id.SequenceGenerator] sequence-based id generator; use org.hibernate.id.enhanced.SequenceStyleGenerator instead.  See Hibernate Domain Model Mapping Guide for details.
2020-11-13 00:00:02.994  WARN 1420 --- [task-1] org.hibernate.orm.deprecation            : HHH90000014: Found use of deprecated [org.hibernate.id.SequenceGenerator] sequence-based id generator; use org.hibernate.id.enhanced.SequenceStyleGenerator instead.  See Hibernate Domain Model Mapping Guide for details.
2020-11-13 00:00:03.094  INFO 1420 --- [task-1] o.h.e.t.j.p.i.JtaPlatformInitiator       : HHH000490: Using JtaPlatform implementation: [org.hibernate.engine.transaction.jta.platform.internal.NoJtaPlatform]
2020-11-13 00:00:03.095  INFO 1420 --- [task-1] j.LocalContainerEntityManagerFactoryBean : Initialized JPA EntityManagerFactory for persistence unit 'default'
2020-11-13 00:00:03.126  INFO 1420 --- [task-2] o.s.b.d.a.OptionalLiveReloadServer       : LiveReload server is running on port 35729
2020-11-13 00:00:03.160  WARN 1420 --- [restartedMain] JpaBaseConfiguration$JpaWebConfiguration : spring.jpa.open-in-view is enabled by default. Therefore, database queries may be performed during view rendering. Explicitly configure spring.jpa.open-in-view to disable this warning
2020-11-13 00:00:03.326  INFO 1420 --- [restartedMain] o.s.b.w.embedded.tomcat.TomcatWebServer  : Tomcat started on port(s): 8080 (http) with context path ''
2020-11-13 00:00:03.326  INFO 1420 --- [restartedMain] DeferredRepositoryInitializationListener : Triggering deferred initialization of Spring Data repositories…
2020-11-13 00:00:03.352  INFO 1420 --- [restartedMain] DeferredRepositoryInitializationListener : Spring Data repositories initialized!
2020-11-13 00:00:03.355  INFO 1420 --- [restartedMain] com.example.demo.DemoApplication         : Started DemoApplication in 0.94 seconds (JVM running for 432.461)
2020-11-13 00:00:03.357  INFO 1420 --- [restartedMain] .ConditionEvaluationDeltaLoggingListener : Condition evaluation unchanged
2020-11-13 00:00:05.123  INFO 1420 --- [http-nio-8080-exec-1] o.a.c.c.C.[Tomcat].[localhost].[/]       : Initializing Spring DispatcherServlet 'dispatcherServlet'
2020-11-13 00:00:05.123  INFO 1420 --- [http-nio-8080-exec-1] o.s.web.servlet.DispatcherServlet        : Initializing Servlet 'dispatcherServlet'
2020-11-13 00:00:05.127  INFO 1420 --- [http-nio-8080-exec-1] o.s.web.servlet.DispatcherServlet        : Completed initialization in 4 ms
2020-11-13 00:00:05.130  INFO 1420 --- [http-nio-8080-exec-1] com.example.demo.api.UserInfoController  : Update Users => Begin
2020-11-13 00:00:05.139  WARN 1420 --- [http-nio-8080-exec-1] .m.m.a.ExceptionHandlerExceptionResolver : Resolved [org.springframework.data.rest.webmvc.ResourceNotFoundException: User not found]
2020-11-13 00:01:44.729  INFO 1420 --- [Thread-49] j.LocalContainerEntityManagerFactoryBean : Closing JPA EntityManagerFactory for persistence unit 'default'
2020-11-13 00:01:44.729  INFO 1420 --- [Thread-49] o.s.s.concurrent.ThreadPoolTaskExecutor  : Shutting down ExecutorService 'applicationTaskExecutor'
2020-11-13 00:01:44.730  INFO 1420 --- [Thread-49] com.zaxxer.hikari.HikariDataSource       : HikariPoolBooks - Shutdown initiated...
2020-11-13 00:01:44.739  INFO 1420 --- [Thread-49] com.zaxxer.hikari.HikariDataSource       : HikariPoolBooks - Shutdown completed.
2020-11-13 00:01:44.826  INFO 1420 --- [restartedMain] com.example.demo.DemoApplication         : Starting DemoApplication on DESKTOP-KP2K1VN with PID 1420 (C:\Users\Gilbert Renegado\Documents\Springboot\Getting Started\demo (1)\demo\bin\main started by Gilbert Renegado in C:\Users\Gilbert Renegado\Documents\Springboot\Getting Started\demo (1)\demo)
2020-11-13 00:01:44.826  INFO 1420 --- [restartedMain] com.example.demo.DemoApplication         : No active profile set, falling back to default profiles: default
2020-11-13 00:01:45.063  INFO 1420 --- [restartedMain] .s.d.r.c.RepositoryConfigurationDelegate : Bootstrapping Spring Data JPA repositories in DEFERRED mode.
2020-11-13 00:01:45.082  INFO 1420 --- [restartedMain] .s.d.r.c.RepositoryConfigurationDelegate : Finished Spring Data repository scanning in 19ms. Found 2 JPA repository interfaces.
2020-11-13 00:01:45.135  WARN 1420 --- [restartedMain] o.m.s.mapper.ClassPathMapperScanner      : No MyBatis mapper was found in '[com.example.demo]' package. Please check your configuration.
2020-11-13 00:01:45.200  INFO 1420 --- [restartedMain] o.s.b.w.embedded.tomcat.TomcatWebServer  : Tomcat initialized with port(s): 8080 (http)
2020-11-13 00:01:45.201  INFO 1420 --- [restartedMain] o.apache.catalina.core.StandardService   : Starting service [Tomcat]
2020-11-13 00:01:45.201  INFO 1420 --- [restartedMain] org.apache.catalina.core.StandardEngine  : Starting Servlet engine: [Apache Tomcat/9.0.39]
2020-11-13 00:01:45.228  INFO 1420 --- [restartedMain] o.a.c.c.C.[Tomcat].[localhost].[/]       : Initializing Spring embedded WebApplicationContext
2020-11-13 00:01:45.228  INFO 1420 --- [restartedMain] w.s.c.ServletWebServerApplicationContext : Root WebApplicationContext: initialization completed in 400 ms
2020-11-13 00:01:45.244  INFO 1420 --- [restartedMain] com.zaxxer.hikari.HikariDataSource       : HikariPoolBooks - Starting...
2020-11-13 00:01:45.293  INFO 1420 --- [restartedMain] com.zaxxer.hikari.HikariDataSource       : HikariPoolBooks - Start completed.
2020-11-13 00:01:45.293  INFO 1420 --- [restartedMain] o.s.b.a.h2.H2ConsoleAutoConfiguration    : H2 console available at '/h2-console'. Database available at 'jdbc:oracle:thin:@//localhost:1521/orclpdb'
2020-11-13 00:01:45.320  INFO 1420 --- [restartedMain] o.s.s.concurrent.ThreadPoolTaskExecutor  : Initializing ExecutorService 'applicationTaskExecutor'
2020-11-13 00:01:45.329  INFO 1420 --- [task-1] o.hibernate.jpa.internal.util.LogHelper  : HHH000204: Processing PersistenceUnitInfo [name: default]
2020-11-13 00:01:45.334  INFO 1420 --- [task-1] org.hibernate.dialect.Dialect            : HHH000400: Using dialect: org.hibernate.dialect.Oracle12cDialect
2020-11-13 00:01:45.359  WARN 1420 --- [task-1] org.hibernate.orm.deprecation            : HHH90000014: Found use of deprecated [org.hibernate.id.SequenceGenerator] sequence-based id generator; use org.hibernate.id.enhanced.SequenceStyleGenerator instead.  See Hibernate Domain Model Mapping Guide for details.
2020-11-13 00:01:45.360  WARN 1420 --- [task-1] org.hibernate.orm.deprecation            : HHH90000014: Found use of deprecated [org.hibernate.id.SequenceGenerator] sequence-based id generator; use org.hibernate.id.enhanced.SequenceStyleGenerator instead.  See Hibernate Domain Model Mapping Guide for details.
2020-11-13 00:01:45.457  INFO 1420 --- [task-1] o.h.e.t.j.p.i.JtaPlatformInitiator       : HHH000490: Using JtaPlatform implementation: [org.hibernate.engine.transaction.jta.platform.internal.NoJtaPlatform]
2020-11-13 00:01:45.458  INFO 1420 --- [task-1] j.LocalContainerEntityManagerFactoryBean : Initialized JPA EntityManagerFactory for persistence unit 'default'
2020-11-13 00:01:45.495  INFO 1420 --- [task-2] o.s.b.d.a.OptionalLiveReloadServer       : LiveReload server is running on port 35729
2020-11-13 00:01:45.523  WARN 1420 --- [restartedMain] JpaBaseConfiguration$JpaWebConfiguration : spring.jpa.open-in-view is enabled by default. Therefore, database queries may be performed during view rendering. Explicitly configure spring.jpa.open-in-view to disable this warning
2020-11-13 00:01:45.694  INFO 1420 --- [restartedMain] o.s.b.w.embedded.tomcat.TomcatWebServer  : Tomcat started on port(s): 8080 (http) with context path ''
2020-11-13 00:01:45.695  INFO 1420 --- [restartedMain] DeferredRepositoryInitializationListener : Triggering deferred initialization of Spring Data repositories…
2020-11-13 00:01:45.723  INFO 1420 --- [restartedMain] DeferredRepositoryInitializationListener : Spring Data repositories initialized!
2020-11-13 00:01:45.726  INFO 1420 --- [restartedMain] com.example.demo.DemoApplication         : Started DemoApplication in 0.931 seconds (JVM running for 534.831)
2020-11-13 00:01:45.727  INFO 1420 --- [restartedMain] .ConditionEvaluationDeltaLoggingListener : Condition evaluation unchanged
2020-11-13 00:01:49.350  INFO 1420 --- [http-nio-8080-exec-1] o.a.c.c.C.[Tomcat].[localhost].[/]       : Initializing Spring DispatcherServlet 'dispatcherServlet'
2020-11-13 00:01:49.351  INFO 1420 --- [http-nio-8080-exec-1] o.s.web.servlet.DispatcherServlet        : Initializing Servlet 'dispatcherServlet'
2020-11-13 00:01:49.353  INFO 1420 --- [http-nio-8080-exec-1] o.s.web.servlet.DispatcherServlet        : Completed initialization in 2 ms
2020-11-13 00:01:49.360  INFO 1420 --- [http-nio-8080-exec-1] com.example.demo.api.UserInfoController  : Update Users => Begin
2020-11-13 00:01:49.376  WARN 1420 --- [http-nio-8080-exec-1] .m.m.a.ExceptionHandlerExceptionResolver : Resolved [org.springframework.data.rest.webmvc.ResourceNotFoundException: User not found]
2020-11-13 00:02:26.147  WARN 1420 --- [http-nio-8080-exec-2] .m.m.a.ExceptionHandlerExceptionResolver : Resolved [org.springframework.web.bind.MissingServletRequestParameterException: Required int parameter 'pageNumber' is not present]
2020-11-13 00:02:35.654  WARN 1420 --- [http-nio-8080-exec-3] .m.m.a.ExceptionHandlerExceptionResolver : Resolved [org.springframework.web.bind.MissingServletRequestParameterException: Required int parameter 'pageNumber' is not present]
2020-11-13 00:03:11.932  INFO 1420 --- [Thread-56] j.LocalContainerEntityManagerFactoryBean : Closing JPA EntityManagerFactory for persistence unit 'default'
2020-11-13 00:03:11.932  INFO 1420 --- [Thread-56] o.s.s.concurrent.ThreadPoolTaskExecutor  : Shutting down ExecutorService 'applicationTaskExecutor'
2020-11-13 00:03:11.933  INFO 1420 --- [Thread-56] com.zaxxer.hikari.HikariDataSource       : HikariPoolBooks - Shutdown initiated...
2020-11-13 00:03:11.941  INFO 1420 --- [Thread-56] com.zaxxer.hikari.HikariDataSource       : HikariPoolBooks - Shutdown completed.
2020-11-13 00:03:12.049  INFO 1420 --- [restartedMain] com.example.demo.DemoApplication         : Starting DemoApplication on DESKTOP-KP2K1VN with PID 1420 (C:\Users\Gilbert Renegado\Documents\Springboot\Getting Started\demo (1)\demo\bin\main started by Gilbert Renegado in C:\Users\Gilbert Renegado\Documents\Springboot\Getting Started\demo (1)\demo)
2020-11-13 00:03:12.050  INFO 1420 --- [restartedMain] com.example.demo.DemoApplication         : No active profile set, falling back to default profiles: default
2020-11-13 00:03:12.282  INFO 1420 --- [restartedMain] .s.d.r.c.RepositoryConfigurationDelegate : Bootstrapping Spring Data JPA repositories in DEFERRED mode.
2020-11-13 00:03:12.298  INFO 1420 --- [restartedMain] .s.d.r.c.RepositoryConfigurationDelegate : Finished Spring Data repository scanning in 16ms. Found 2 JPA repository interfaces.
2020-11-13 00:03:12.332  WARN 1420 --- [restartedMain] o.m.s.mapper.ClassPathMapperScanner      : No MyBatis mapper was found in '[com.example.demo]' package. Please check your configuration.
2020-11-13 00:03:12.397  INFO 1420 --- [restartedMain] o.s.b.w.embedded.tomcat.TomcatWebServer  : Tomcat initialized with port(s): 8080 (http)
2020-11-13 00:03:12.398  INFO 1420 --- [restartedMain] o.apache.catalina.core.StandardService   : Starting service [Tomcat]
2020-11-13 00:03:12.398  INFO 1420 --- [restartedMain] org.apache.catalina.core.StandardEngine  : Starting Servlet engine: [Apache Tomcat/9.0.39]
2020-11-13 00:03:12.422  INFO 1420 --- [restartedMain] o.a.c.c.C.[Tomcat].[localhost].[/]       : Initializing Spring embedded WebApplicationContext
2020-11-13 00:03:12.422  INFO 1420 --- [restartedMain] w.s.c.ServletWebServerApplicationContext : Root WebApplicationContext: initialization completed in 370 ms
2020-11-13 00:03:12.438  INFO 1420 --- [restartedMain] com.zaxxer.hikari.HikariDataSource       : HikariPoolBooks - Starting...
2020-11-13 00:03:12.487  INFO 1420 --- [restartedMain] com.zaxxer.hikari.HikariDataSource       : HikariPoolBooks - Start completed.
2020-11-13 00:03:12.487  INFO 1420 --- [restartedMain] o.s.b.a.h2.H2ConsoleAutoConfiguration    : H2 console available at '/h2-console'. Database available at 'jdbc:oracle:thin:@//localhost:1521/orclpdb'
2020-11-13 00:03:12.516  INFO 1420 --- [restartedMain] o.s.s.concurrent.ThreadPoolTaskExecutor  : Initializing ExecutorService 'applicationTaskExecutor'
2020-11-13 00:03:12.527  INFO 1420 --- [task-1] o.hibernate.jpa.internal.util.LogHelper  : HHH000204: Processing PersistenceUnitInfo [name: default]
2020-11-13 00:03:12.534  INFO 1420 --- [task-1] org.hibernate.dialect.Dialect            : HHH000400: Using dialect: org.hibernate.dialect.Oracle12cDialect
2020-11-13 00:03:12.561  WARN 1420 --- [task-1] org.hibernate.orm.deprecation            : HHH90000014: Found use of deprecated [org.hibernate.id.SequenceGenerator] sequence-based id generator; use org.hibernate.id.enhanced.SequenceStyleGenerator instead.  See Hibernate Domain Model Mapping Guide for details.
2020-11-13 00:03:12.561  WARN 1420 --- [task-1] org.hibernate.orm.deprecation            : HHH90000014: Found use of deprecated [org.hibernate.id.SequenceGenerator] sequence-based id generator; use org.hibernate.id.enhanced.SequenceStyleGenerator instead.  See Hibernate Domain Model Mapping Guide for details.
2020-11-13 00:03:12.656  INFO 1420 --- [task-1] o.h.e.t.j.p.i.JtaPlatformInitiator       : HHH000490: Using JtaPlatform implementation: [org.hibernate.engine.transaction.jta.platform.internal.NoJtaPlatform]
2020-11-13 00:03:12.658  INFO 1420 --- [task-1] j.LocalContainerEntityManagerFactoryBean : Initialized JPA EntityManagerFactory for persistence unit 'default'
2020-11-13 00:03:12.686  INFO 1420 --- [task-2] o.s.b.d.a.OptionalLiveReloadServer       : LiveReload server is running on port 35729
2020-11-13 00:03:12.716  WARN 1420 --- [restartedMain] JpaBaseConfiguration$JpaWebConfiguration : spring.jpa.open-in-view is enabled by default. Therefore, database queries may be performed during view rendering. Explicitly configure spring.jpa.open-in-view to disable this warning
2020-11-13 00:03:12.884  INFO 1420 --- [restartedMain] o.s.b.w.embedded.tomcat.TomcatWebServer  : Tomcat started on port(s): 8080 (http) with context path ''
2020-11-13 00:03:12.885  INFO 1420 --- [restartedMain] DeferredRepositoryInitializationListener : Triggering deferred initialization of Spring Data repositories…
2020-11-13 00:03:12.912  INFO 1420 --- [restartedMain] DeferredRepositoryInitializationListener : Spring Data repositories initialized!
2020-11-13 00:03:12.915  INFO 1420 --- [restartedMain] com.example.demo.DemoApplication         : Started DemoApplication in 0.908 seconds (JVM running for 622.02)
2020-11-13 00:03:12.916  INFO 1420 --- [restartedMain] .ConditionEvaluationDeltaLoggingListener : Condition evaluation unchanged
2020-11-13 00:03:22.491  INFO 1420 --- [http-nio-8080-exec-1] o.a.c.c.C.[Tomcat].[localhost].[/]       : Initializing Spring DispatcherServlet 'dispatcherServlet'
2020-11-13 00:03:22.491  INFO 1420 --- [http-nio-8080-exec-1] o.s.web.servlet.DispatcherServlet        : Initializing Servlet 'dispatcherServlet'
2020-11-13 00:03:22.493  INFO 1420 --- [http-nio-8080-exec-1] o.s.web.servlet.DispatcherServlet        : Completed initialization in 2 ms
2020-11-13 00:03:22.499  WARN 1420 --- [http-nio-8080-exec-1] .m.m.a.ExceptionHandlerExceptionResolver : Resolved [org.springframework.web.bind.MissingServletRequestParameterException: Required int parameter 'pageNumber' is not present]
2020-11-13 00:03:27.164  INFO 1420 --- [http-nio-8080-exec-2] com.example.demo.api.UserInfoController  : Update Users => Begin
2020-11-13 00:03:27.170  WARN 1420 --- [http-nio-8080-exec-2] .m.m.a.ExceptionHandlerExceptionResolver : Resolved [org.springframework.data.rest.webmvc.ResourceNotFoundException: User not found]
2020-11-13 00:04:48.272  INFO 1420 --- [Thread-63] j.LocalContainerEntityManagerFactoryBean : Closing JPA EntityManagerFactory for persistence unit 'default'
2020-11-13 00:04:48.272  INFO 1420 --- [Thread-63] o.s.s.concurrent.ThreadPoolTaskExecutor  : Shutting down ExecutorService 'applicationTaskExecutor'
2020-11-13 00:04:48.272  INFO 1420 --- [Thread-63] com.zaxxer.hikari.HikariDataSource       : HikariPoolBooks - Shutdown initiated...
2020-11-13 00:04:48.279  INFO 1420 --- [Thread-63] com.zaxxer.hikari.HikariDataSource       : HikariPoolBooks - Shutdown completed.
2020-11-13 00:04:48.416  INFO 1420 --- [restartedMain] com.example.demo.DemoApplication         : Starting DemoApplication on DESKTOP-KP2K1VN with PID 1420 (C:\Users\Gilbert Renegado\Documents\Springboot\Getting Started\demo (1)\demo\bin\main started by Gilbert Renegado in C:\Users\Gilbert Renegado\Documents\Springboot\Getting Started\demo (1)\demo)
2020-11-13 00:04:48.417  INFO 1420 --- [restartedMain] com.example.demo.DemoApplication         : No active profile set, falling back to default profiles: default
2020-11-13 00:04:48.794  INFO 1420 --- [restartedMain] .s.d.r.c.RepositoryConfigurationDelegate : Bootstrapping Spring Data JPA repositories in DEFERRED mode.
2020-11-13 00:04:48.820  INFO 1420 --- [restartedMain] .s.d.r.c.RepositoryConfigurationDelegate : Finished Spring Data repository scanning in 24ms. Found 2 JPA repository interfaces.
2020-11-13 00:04:48.921  WARN 1420 --- [restartedMain] o.m.s.mapper.ClassPathMapperScanner      : No MyBatis mapper was found in '[com.example.demo]' package. Please check your configuration.
2020-11-13 00:04:49.029  INFO 1420 --- [restartedMain] o.s.b.w.embedded.tomcat.TomcatWebServer  : Tomcat initialized with port(s): 8080 (http)
2020-11-13 00:04:49.030  INFO 1420 --- [restartedMain] o.apache.catalina.core.StandardService   : Starting service [Tomcat]
2020-11-13 00:04:49.030  INFO 1420 --- [restartedMain] org.apache.catalina.core.StandardEngine  : Starting Servlet engine: [Apache Tomcat/9.0.39]
2020-11-13 00:04:49.060  INFO 1420 --- [restartedMain] o.a.c.c.C.[Tomcat].[localhost].[/]       : Initializing Spring embedded WebApplicationContext
2020-11-13 00:04:49.060  INFO 1420 --- [restartedMain] w.s.c.ServletWebServerApplicationContext : Root WebApplicationContext: initialization completed in 641 ms
2020-11-13 00:04:49.079  INFO 1420 --- [restartedMain] com.zaxxer.hikari.HikariDataSource       : HikariPoolBooks - Starting...
2020-11-13 00:04:49.177  INFO 1420 --- [restartedMain] com.zaxxer.hikari.HikariDataSource       : HikariPoolBooks - Start completed.
2020-11-13 00:04:49.177  INFO 1420 --- [restartedMain] o.s.b.a.h2.H2ConsoleAutoConfiguration    : H2 console available at '/h2-console'. Database available at 'jdbc:oracle:thin:@//localhost:1521/orclpdb'
2020-11-13 00:04:49.222  INFO 1420 --- [restartedMain] o.s.s.concurrent.ThreadPoolTaskExecutor  : Initializing ExecutorService 'applicationTaskExecutor'
2020-11-13 00:04:49.232  INFO 1420 --- [task-1] o.hibernate.jpa.internal.util.LogHelper  : HHH000204: Processing PersistenceUnitInfo [name: default]
2020-11-13 00:04:49.239  INFO 1420 --- [task-1] org.hibernate.dialect.Dialect            : HHH000400: Using dialect: org.hibernate.dialect.Oracle12cDialect
2020-11-13 00:04:49.268  WARN 1420 --- [task-1] org.hibernate.orm.deprecation            : HHH90000014: Found use of deprecated [org.hibernate.id.SequenceGenerator] sequence-based id generator; use org.hibernate.id.enhanced.SequenceStyleGenerator instead.  See Hibernate Domain Model Mapping Guide for details.
2020-11-13 00:04:49.269  WARN 1420 --- [task-1] org.hibernate.orm.deprecation            : HHH90000014: Found use of deprecated [org.hibernate.id.SequenceGenerator] sequence-based id generator; use org.hibernate.id.enhanced.SequenceStyleGenerator instead.  See Hibernate Domain Model Mapping Guide for details.
2020-11-13 00:04:49.382  INFO 1420 --- [task-1] o.h.e.t.j.p.i.JtaPlatformInitiator       : HHH000490: Using JtaPlatform implementation: [org.hibernate.engine.transaction.jta.platform.internal.NoJtaPlatform]
2020-11-13 00:04:49.384  INFO 1420 --- [task-1] j.LocalContainerEntityManagerFactoryBean : Initialized JPA EntityManagerFactory for persistence unit 'default'
2020-11-13 00:04:49.432  INFO 1420 --- [task-2] o.s.b.d.a.OptionalLiveReloadServer       : LiveReload server is running on port 35729
2020-11-13 00:04:49.442  WARN 1420 --- [restartedMain] JpaBaseConfiguration$JpaWebConfiguration : spring.jpa.open-in-view is enabled by default. Therefore, database queries may be performed during view rendering. Explicitly configure spring.jpa.open-in-view to disable this warning
2020-11-13 00:04:49.591  INFO 1420 --- [restartedMain] o.s.b.w.embedded.tomcat.TomcatWebServer  : Tomcat started on port(s): 8080 (http) with context path ''
2020-11-13 00:04:49.592  INFO 1420 --- [restartedMain] DeferredRepositoryInitializationListener : Triggering deferred initialization of Spring Data repositories…
2020-11-13 00:04:49.618  INFO 1420 --- [restartedMain] DeferredRepositoryInitializationListener : Spring Data repositories initialized!
2020-11-13 00:04:49.621  INFO 1420 --- [restartedMain] com.example.demo.DemoApplication         : Started DemoApplication in 1.277 seconds (JVM running for 718.726)
2020-11-13 00:04:49.622  INFO 1420 --- [restartedMain] .ConditionEvaluationDeltaLoggingListener : Condition evaluation unchanged
2020-11-13 00:04:51.617  INFO 1420 --- [http-nio-8080-exec-1] o.a.c.c.C.[Tomcat].[localhost].[/]       : Initializing Spring DispatcherServlet 'dispatcherServlet'
2020-11-13 00:04:51.617  INFO 1420 --- [http-nio-8080-exec-1] o.s.web.servlet.DispatcherServlet        : Initializing Servlet 'dispatcherServlet'
2020-11-13 00:04:51.619  INFO 1420 --- [http-nio-8080-exec-1] o.s.web.servlet.DispatcherServlet        : Completed initialization in 2 ms
2020-11-13 00:04:51.623  INFO 1420 --- [http-nio-8080-exec-1] com.example.demo.api.UserInfoController  : Update Users => Begin
2020-11-13 00:04:51.632  WARN 1420 --- [http-nio-8080-exec-1] .m.m.a.ExceptionHandlerExceptionResolver : Resolved [org.springframework.data.rest.webmvc.ResourceNotFoundException: User not found]
2020-11-13 00:06:25.239  INFO 1420 --- [http-nio-8080-exec-2] com.example.demo.api.UserInfoController  : Update Users => Begin
2020-11-13 00:06:25.288  INFO 1420 --- [http-nio-8080-exec-2] com.example.demo.api.UserInfoController  : Update Users => End
2020-11-13 00:06:34.741  INFO 1420 --- [http-nio-8080-exec-3] com.example.demo.api.UserInfoController  : List Users => Begin
2020-11-13 00:06:34.968  INFO 1420 --- [http-nio-8080-exec-3] com.example.demo.api.UserInfoController  : List Users => End
2020-11-13 00:07:48.766  INFO 1420 --- [RMI TCP Connection(18)-127.0.0.1] inMXBeanRegistrar$SpringApplicationAdmin : Application shutdown requested.
2020-11-13 00:07:48.831  INFO 1420 --- [RMI TCP Connection(18)-127.0.0.1] j.LocalContainerEntityManagerFactoryBean : Closing JPA EntityManagerFactory for persistence unit 'default'
2020-11-13 00:07:48.831  INFO 1420 --- [RMI TCP Connection(18)-127.0.0.1] o.s.s.concurrent.ThreadPoolTaskExecutor  : Shutting down ExecutorService 'applicationTaskExecutor'
2020-11-13 00:07:48.832  INFO 1420 --- [RMI TCP Connection(18)-127.0.0.1] com.zaxxer.hikari.HikariDataSource       : HikariPoolBooks - Shutdown initiated...
2020-11-13 00:07:48.841  INFO 1420 --- [RMI TCP Connection(18)-127.0.0.1] com.zaxxer.hikari.HikariDataSource       : HikariPoolBooks - Shutdown completed.
